<?xml version="1.0" encoding="UTF-8"?>
<!-- Generated by org.testng.reporters.JUnitReportReporter -->
<testsuite hostname="DESKTOP-E05HBQO" failures="0" tests="1" name="runners.TestRunner" time="3.875" errors="0" timestamp="2025-03-23T02:46:08 IST" skipped="0">
  <testcase classname="runners.TestRunner" name="runScenario" time="3.875"/>
</testsuite> <!-- runners.TestRunner -->
